<?xml version="1.0" encoding="UTF-8"?>
<testsuite name="LoanTest" tests="1" skipped="0" failures="0" errors="0" timestamp="2024-11-28T22:03:11" hostname="JGTHINKPAD" time="0.012">
  <properties/>
  <testcase name="testDueDate()" classname="LoanTest" time="0.012"/>
  <system-out><![CDATA[]]></system-out>
  <system-err><![CDATA[]]></system-err>
</testsuite>
