<?xml version="1.0" encoding="UTF-8"?>
<testsuite name="BookTest" tests="2" skipped="0" failures="0" errors="0" timestamp="2024-12-09T10:41:27" hostname="JGTHINKPAD" time="0.005">
  <properties/>
  <testcase name="test2NonEqualBooks()" classname="BookTest" time="0.002"/>
  <testcase name="test2EqualBooks()" classname="BookTest" time="0.002"/>
  <system-out><![CDATA[]]></system-out>
  <system-err><![CDATA[]]></system-err>
</testsuite>
