<?xml version="1.0" encoding="UTF-8"?>
<testsuite name="BookTest" tests="2" skipped="0" failures="0" errors="0" timestamp="2024-11-28T22:03:10" hostname="JGTHINKPAD" time="0.01">
  <properties/>
  <testcase name="test2NonEqualBooks()" classname="BookTest" time="0.009"/>
  <testcase name="test2EqualBooks()" classname="BookTest" time="0.001"/>
  <system-out><![CDATA[]]></system-out>
  <system-err><![CDATA[]]></system-err>
</testsuite>
