<?xml version="1.0" encoding="UTF-8"?>
<testsuite name="BookCatalogTest" tests="5" skipped="0" failures="0" errors="0" timestamp="2024-11-28T22:03:10" hostname="JGTHINKPAD" time="0.028">
  <properties/>
  <testcase name="testAddABook()" classname="BookCatalogTest" time="0.015"/>
  <testcase name="testFindBook()" classname="BookCatalogTest" time="0.001"/>
  <testcase name="testFindBookIgnoringCase()" classname="BookCatalogTest" time="0.001"/>
  <testcase name="testFindBookWithExtraSpaces()" classname="BookCatalogTest" time="0.0"/>
  <testcase name="testFindBookThatDoesntExist()" classname="BookCatalogTest" time="0.007"/>
  <system-out><![CDATA[]]></system-out>
  <system-err><![CDATA[]]></system-err>
</testsuite>
